2016-09-28 20:55:51,769 - mq-monitor-logger - INFO - 2016-09-28 20:55:51的MQ队列情况如下(表名,消息数量(大概多久同步完(s)),消费者数量,进队数量,出队数量):
2016-09-28 20:55:51,770 - mq-monitor-logger - INFO - t_tfr_outwardhandover_bill_org,0(所需同步时间:无延迟),1,3281,3345
2016-09-28 20:55:51,770 - mq-monitor-logger - INFO - t_dlv_waybill_signoff_change,0(所需同步时间:无延迟),1,5378,5411
2016-09-28 20:55:51,770 - mq-monitor-logger - INFO - t_tfr_job_business_log,0(所需同步时间:无延迟),1,8245700,8426959
2016-09-28 20:55:51,770 - mq-monitor-logger - INFO - t_tfr_unloadcmd_assign_detail_org,0(所需同步时间:无延迟),1,0,0
2016-09-28 20:55:51,770 - mq-monitor-logger - INFO - t_dlv_diff_org,0(所需同步时间:无延迟),1,1289,1322
2016-09-28 20:55:51,770 - mq-monitor-logger - INFO - t_tfr_truck_task_detail_org,3(所需同步时间:监控刚启动，未计算所需同步时间),1,1538441,1679783
2016-09-28 20:55:51,771 - mq-monitor-logger - INFO - t_bse_customer_degree,0(所需同步时间:无延迟),1,0,0
2016-09-28 20:55:51,771 - mq-monitor-logger - INFO - t_bse_express_autocomple,0(所需同步时间:无延迟),1,0,0
2016-09-28 20:55:51,771 - mq-monitor-logger - INFO - t_bse_cus_bargain_app_org,0(所需同步时间:无延迟),1,111469,111469
2016-09-28 20:55:51,771 - mq-monitor-logger - INFO - t_tfr_cargo_sort_org,7(所需同步时间:监控刚启动，未计算所需同步时间),1,3570940,3612027
2016-09-28 20:55:51,771 - mq-monitor-logger - INFO - t_dlv_delivertask_org,1(所需同步时间:监控刚启动，未计算所需同步时间),1,8231573,9085612
2016-09-28 20:55:51,771 - mq-monitor-logger - INFO - t_tfr_outsourcebill_org,0(所需同步时间:无延迟),1,40287,40448
2016-09-28 20:55:51,771 - mq-monitor-logger - INFO - t_tfr_unloadcmd_assign_org,0(所需同步时间:无延迟),1,0,0
2016-09-28 20:55:51,772 - mq-monitor-logger - INFO - t_bse_cus_contact,78(所需同步时间:监控刚启动，未计算所需同步时间),1,4010254,4010176
2016-09-28 20:55:51,772 - mq-monitor-logger - INFO - t_bse_cus_contact_address,0(所需同步时间:无延迟),1,21269,21269
2016-09-28 20:55:51,772 - mq-monitor-logger - INFO - t_dlv_find_lack_goods,0(所需同步时间:无延迟),1,6108,6124
2016-09-28 20:55:51,772 - mq-monitor-logger - INFO - t_bse_par_agencybranch,0(所需同步时间:无延迟),1,29,29
2016-09-28 20:55:51,772 - mq-monitor-logger - INFO - t_tak_pickup_fillintask,0(所需同步时间:无延迟),1,2117095,2119436
2016-09-28 20:55:51,772 - mq-monitor-logger - INFO - t_dictionary_data,0(所需同步时间:无延迟),1,115237,118189
2016-09-28 20:55:51,772 - mq-monitor-logger - INFO - t_tfr_loadhandoverbill_loadtask_rel_org,0(所需同步时间:无延迟),1,439245,488137
2016-09-28 20:55:51,772 - mq-monitor-logger - INFO - t_tfr_loader_participation_org,9(所需同步时间:监控刚启动，未计算所需同步时间),1,3675144,4218492
2016-09-28 20:55:51,773 - mq-monitor-logger - INFO - t_dlv_waybill_signoff_result,4(所需同步时间:监控刚启动，未计算所需同步时间),1,1001052,1003660
2016-09-28 20:55:51,773 - mq-monitor-logger - INFO - t_bse_express_part_sales_dept,0(所需同步时间:无延迟),1,1428,1443
2016-09-28 20:55:51,773 - mq-monitor-logger - INFO - t_org_department,0(所需同步时间:无延迟),1,0,0
2016-09-28 20:55:51,773 - mq-monitor-logger - INFO - t_tfr_job_business,0(所需同步时间:无延迟),1,8620328,8802021
2016-09-28 20:55:51,773 - mq-monitor-logger - INFO - t_tfr_cage_detail_org,0(所需同步时间:无延迟),1,0,0
2016-09-28 20:55:51,773 - mq-monitor-logger - INFO - t_tak_waybill_disusingrecord_org,0(所需同步时间:无延迟),1,0,0
2016-09-28 20:55:51,773 - mq-monitor-logger - INFO - t_prc_waybill_charge_detail,0(所需同步时间:无延迟),1,0,0
2016-09-28 20:55:51,773 - mq-monitor-logger - INFO - t_rut_path_detail,19(所需同步时间:监控刚启动，未计算所需同步时间),1,6925323,6932599
2016-09-28 20:55:51,774 - mq-monitor-logger - INFO - t_bse_org_sales_department,0(所需同步时间:无延迟),1,23913,24711
2016-09-28 20:55:51,774 - mq-monitor-logger - INFO - t_dlv_diff_detail,0(所需同步时间:无延迟),1,6478,6484
2016-09-28 20:55:51,774 - mq-monitor-logger - INFO - t_tfr_stockcleardiffer_report_org,0(所需同步时间:无延迟),1,1203,1307
2016-09-28 20:55:51,774 - mq-monitor-logger - INFO - t_tfr_sortcab_package_org,0(所需同步时间:无延迟),1,0,0
2016-09-28 20:55:51,774 - mq-monitor-logger - INFO - t_tfr_tray_binding_task_detail_org,77(所需同步时间:监控刚启动，未计算所需同步时间),1,28664136,31321389
2016-09-28 20:55:51,774 - mq-monitor-logger - INFO - t_tfr_inventory_out_list_org,7(所需同步时间:监控刚启动，未计算所需同步时间),1,6488907,6557356
2016-09-28 20:55:51,774 - mq-monitor-logger - INFO - t_tfr_handoverbill_costinfo_org,0(所需同步时间:无延迟),1,0,0
2016-09-28 20:55:51,774 - mq-monitor-logger - INFO - t_tak_orderinfo,0(所需同步时间:无延迟),1,2512623,2672893
2016-09-28 20:55:51,775 - mq-monitor-logger - INFO - t_tfr_supply_log_org,0(所需同步时间:无延迟),1,0,0
2016-09-28 20:55:51,775 - mq-monitor-logger - INFO - t_tfr_inventory_bill_org,5(所需同步时间:监控刚启动，未计算所需同步时间),1,18014884,18211884
2016-09-28 20:55:51,775 - mq-monitor-logger - INFO - t_bse_express_delivery_regions,0(所需同步时间:无延迟),1,0,0
2016-09-28 20:55:51,775 - mq-monitor-logger - INFO - t_tfr_inventory_in_list_org,0(所需同步时间:无延迟),1,6449383,6521668
2016-09-28 20:55:51,775 - mq-monitor-logger - INFO - t_tak_waybill_changeitem_list_org,0(所需同步时间:无延迟),1,0,0
2016-09-28 20:55:51,775 - mq-monitor-logger - INFO - t_tak_waybill_mgmtinfo,1(所需同步时间:监控刚启动，未计算所需同步时间),1,5085990,5093655
2016-09-28 20:55:51,775 - mq-monitor-logger - INFO - t_tfr_unload_task_org,1(所需同步时间:监控刚启动，未计算所需同步时间),1,838416,966330
2016-09-28 20:55:51,775 - mq-monitor-logger - INFO - t_tfr_checktask_detail_org,12(所需同步时间:监控刚启动，未计算所需同步时间),1,2042233,2155486
2016-09-28 20:55:51,776 - mq-monitor-logger - INFO - t_tfr_package_detail_org,3(所需同步时间:监控刚启动，未计算所需同步时间),1,940933,960656
2016-09-28 20:55:51,776 - mq-monitor-logger - INFO - t_rut_transport_path_log,0(所需同步时间:无延迟),1,1833,1930
2016-09-28 20:55:51,776 - mq-monitor-logger - INFO - t_tfr_load_task_detail_org,14(所需同步时间:监控刚启动，未计算所需同步时间),1,4749599,4878344
2016-09-28 20:55:51,776 - mq-monitor-logger - INFO - t_tak_masterslave_relationship,0(所需同步时间:无延迟),1,15564,15564
2016-09-28 20:55:51,776 - mq-monitor-logger - INFO - t_tfr_stockcleartask_detail_org,0(所需同步时间:无延迟),1,7516489,7748435
2016-09-28 20:55:51,776 - mq-monitor-logger - INFO - t_bse_customer,78(所需同步时间:监控刚启动，未计算所需同步时间),1,5380885,5478968
2016-09-28 20:55:51,776 - mq-monitor-logger - INFO - t_tfr_stocktakingdiff_info_org,0(所需同步时间:无延迟),1,219,253
2016-09-28 20:55:51,776 - mq-monitor-logger - INFO - t_tfr_unload_waybill_detail_org,8(所需同步时间:监控刚启动，未计算所需同步时间),1,2971404,3062977
2016-09-28 20:55:51,777 - mq-monitor-logger - INFO - t_tfr_stockclear_operator_org,0(所需同步时间:无延迟),1,9865,10864
2016-09-28 20:55:51,777 - mq-monitor-logger - INFO - t_tfr_tray_binding_task_org,6(所需同步时间:监控刚启动，未计算所需同步时间),1,4587361,4927276
2016-09-28 20:55:51,777 - mq-monitor-logger - INFO - t_tfr_unload_diffcheck_report_org,0(所需同步时间:无延迟),1,104733,109607
2016-09-28 20:55:51,777 - mq-monitor-logger - INFO - t_bse_exdual_dept_mapping,0(所需同步时间:无延迟),1,0,0
2016-09-28 20:55:51,777 - mq-monitor-logger - INFO - t_bse_express_emp_district,0(所需同步时间:无延迟),1,8055,8055
2016-09-28 20:55:51,777 - mq-monitor-logger - INFO - t_rut_line_segment_major,0(所需同步时间:无延迟),1,3242,3292
2016-09-28 20:55:51,777 - mq-monitor-logger - INFO - t_tfr_limitition_term_org,0(所需同步时间:无延迟),1,4,4
2016-09-28 20:55:51,777 - mq-monitor-logger - INFO - t_rut_change_path_event,0(所需同步时间:无延迟),1,0,0
2016-09-28 20:55:51,778 - mq-monitor-logger - INFO - t_bse_emp_yhed,0(所需同步时间:无延迟),1,8156,8156
2016-09-28 20:55:51,778 - mq-monitor-logger - INFO - t_tfr_inventory_org,5(所需同步时间:监控刚启动，未计算所需同步时间),1,16460948,16631726
2016-09-28 20:55:51,778 - mq-monitor-logger - INFO - t_tfr_stocktask_result_org,0(所需同步时间:无延迟),1,95495,97982
2016-09-28 20:55:51,778 - mq-monitor-logger - INFO - t_prc_waybill_changeinfo,9(所需同步时间:监控刚启动，未计算所需同步时间),1,2493545,2496266
2016-09-28 20:55:51,778 - mq-monitor-logger - INFO - t_tfr_uncage_info_org,0(所需同步时间:无延迟),1,0,0
2016-09-28 20:55:51,778 - mq-monitor-logger - INFO - t_tfr_package_path_org,1(所需同步时间:监控刚启动，未计算所需同步时间),1,1305192,1512546
2016-09-28 20:55:51,778 - mq-monitor-logger - INFO - t_bse_express_oubr_plan_detail,0(所需同步时间:无延迟),1,72,72
2016-09-28 20:55:51,778 - mq-monitor-logger - INFO - t_bse_cus_preferential,0(所需同步时间:无延迟),1,113494,113494
2016-09-28 20:55:51,779 - mq-monitor-logger - INFO - t_rut_transport_path,8(所需同步时间:监控刚启动，未计算所需同步时间),1,2577932,2580854
2016-09-28 20:55:51,779 - mq-monitor-logger - INFO - t_prc_waybill_other_charge,0(所需同步时间:无延迟),1,811,991
2016-09-28 20:55:51,779 - mq-monitor-logger - INFO - t_tfr_exchage_record_org,0(所需同步时间:无延迟),1,61484,61724
2016-09-28 20:55:51,779 - mq-monitor-logger - INFO - t_tfr_packagelabel_log_org,0(所需同步时间:无延迟),1,92743,108956
2016-09-28 20:55:51,779 - mq-monitor-logger - INFO - t_bse_res_outsourcetruck,0(所需同步时间:无延迟),1,33495,34206
2016-09-28 20:55:51,779 - mq-monitor-logger - INFO - t_tfr_unload_task_detail_org,1(所需同步时间:监控刚启动，未计算所需同步时间),1,226275,245954
2016-09-28 20:55:51,779 - mq-monitor-logger - INFO - t_tfr_checktask_org,1(所需同步时间:监控刚启动，未计算所需同步时间),1,608627,705659
2016-09-28 20:55:51,780 - mq-monitor-logger - INFO - t_tfr_tray_offline_scan_task_org,0(所需同步时间:无延迟),1,56536,71231
2016-09-28 20:55:51,780 - mq-monitor-logger - INFO - t_tfr_load_task_org,0(所需同步时间:无延迟),1,1933884,2195967
2016-09-28 20:55:51,780 - mq-monitor-logger - INFO - t_bse_customer_profession,0(所需同步时间:无延迟),1,0,0
2016-09-28 20:55:51,780 - mq-monitor-logger - INFO - t_bse_pos_deliverymap,0(所需同步时间:无延迟),1,1095,1095
2016-09-28 20:55:51,780 - mq-monitor-logger - INFO - t_tfr_uncage_detail_org,0(所需同步时间:无延迟),1,0,0
2016-09-28 20:55:51,780 - mq-monitor-logger - INFO - t_tak_waybillrfc_batchchange,0(所需同步时间:无延迟),1,0,0
2016-09-28 20:55:51,780 - mq-monitor-logger - INFO - t_tfr_supplycode_task_org,25(所需同步时间:监控刚启动，未计算所需同步时间),1,4435503,4484745
2016-09-28 20:55:51,780 - mq-monitor-logger - INFO - t_tfr_stockcleardiffer_report_detail_org,0(所需同步时间:无延迟),1,285121,291413
2016-09-28 20:55:51,781 - mq-monitor-logger - INFO - t_tfr_os_waybill_track_org,0(所需同步时间:无延迟),1,524269,524539
2016-09-28 20:55:51,781 - mq-monitor-logger - INFO - t_tfr_damagedwaybill_info_org,0(所需同步时间:无延迟),1,307,307
2016-09-28 20:55:51,781 - mq-monitor-logger - INFO - t_bse_pro_masterinfo,0(所需同步时间:无延迟),1,0,0
2016-09-28 20:55:51,781 - mq-monitor-logger - INFO - t_tfr_differ_report_qms_log_org,0(所需同步时间:无延迟),1,6158299,6180995
2016-09-28 20:55:51,781 - mq-monitor-logger - INFO - t_tak_return_goods_major,0(所需同步时间:无延迟),1,157648,157654
2016-09-28 20:55:51,781 - mq-monitor-logger - INFO - t_tfr_os_paternity_print_info_org,0(所需同步时间:无延迟),1,0,0
2016-09-28 20:55:51,781 - mq-monitor-logger - INFO - t_tfr_waybill_exchage_rel_org,0(所需同步时间:无延迟),1,60996,61219
2016-09-28 20:55:51,781 - mq-monitor-logger - INFO - t_tfr_meter_bubble_org,0(所需同步时间:无延迟),1,0,0
2016-09-28 20:55:51,782 - mq-monitor-logger - INFO - t_dlv_signoff_payment_info,3(所需同步时间:监控刚启动，未计算所需同步时间),1,983814,986388
2016-09-28 20:55:51,782 - mq-monitor-logger - INFO - t_org_employee,0(所需同步时间:无延迟),1,0,0
2016-09-28 20:55:51,782 - mq-monitor-logger - INFO - t_tfr_loadhandoverbill_org,4(所需同步时间:监控刚启动，未计算所需同步时间),1,1610674,1758027
2016-09-28 20:55:51,782 - mq-monitor-logger - INFO - t_tfr_loadhandoverbill_trucktaskdetail_rel_org,0(所需同步时间:无延迟),1,618738,677593
2016-09-28 20:55:51,782 - mq-monitor-logger - INFO - t_prc_exception_log,14(所需同步时间:监控刚启动，未计算所需同步时间),1,2631855,2634747
2016-09-28 20:55:51,782 - mq-monitor-logger - INFO - t_tfr_stocktakingdiff_detail_org,0(所需同步时间:无延迟),1,0,0
2016-09-28 20:55:51,782 - mq-monitor-logger - INFO - t_bse_bank_district,0(所需同步时间:无延迟),1,0,0
2016-09-28 20:55:51,782 - mq-monitor-logger - INFO - t_bse_express_outbranch_plan,0(所需同步时间:无延迟),1,46,46
2016-09-28 20:55:51,783 - mq-monitor-logger - INFO - t_bse_express_bigzone,0(所需同步时间:无延迟),1,1174,1174
2016-09-28 20:55:51,783 - mq-monitor-logger - INFO - t_tfr_os_loadtask_detail_org,0(所需同步时间:无延迟),1,53305,53486
2016-09-28 20:55:51,783 - mq-monitor-logger - INFO - t_bse_res_selftruck,0(所需同步时间:无延迟),1,1625,1627
2016-09-28 20:55:51,783 - mq-monitor-logger - INFO - t_dlv_trajectory_record,4(所需同步时间:监控刚启动，未计算所需同步时间),1,9749036,9777306
2016-09-28 20:55:51,783 - mq-monitor-logger - INFO - t_tfr_supplycode_back_org,0(所需同步时间:无延迟),1,5759,5776
2016-09-28 20:55:51,783 - mq-monitor-logger - INFO - t_tfr_traceimport_error_info_org,0(所需同步时间:无延迟),1,14428,14428
2016-09-28 20:55:51,783 - mq-monitor-logger - INFO - t_bse_bill_rules,0(所需同步时间:无延迟),1,0,0
2016-09-28 20:55:51,783 - mq-monitor-logger - INFO - t_tfr_ptploadhandoverbill_org,0(所需同步时间:无延迟),1,21006,23238
2016-09-28 20:55:51,784 - mq-monitor-logger - INFO - t_tfr_checkuser_org,1(所需同步时间:监控刚启动，未计算所需同步时间),1,353033,411103
2016-09-28 20:55:51,784 - mq-monitor-logger - INFO - t_bse_express_zz_sales_dept,0(所需同步时间:无延迟),1,1609,1609
2016-09-28 20:55:51,784 - mq-monitor-logger - INFO - t_tfr_cage_info_org,0(所需同步时间:无延迟),1,0,0
2016-09-28 20:55:51,784 - mq-monitor-logger - INFO - t_tfr_exception_goods_info_org,0(所需同步时间:无延迟),1,0,0
2016-09-28 20:55:51,784 - mq-monitor-logger - INFO - t_tak_waybill_baseinfo,46798(所需同步时间:监控刚启动，未计算所需同步时间),1,2380530,2336393
2016-09-28 20:55:51,784 - mq-monitor-logger - INFO - t_tak_waybill_alternative_relationship,0(所需同步时间:无延迟),1,6406,7260
2016-09-28 20:55:51,784 - mq-monitor-logger - INFO - t_tfr_less_report_org,0(所需同步时间:无延迟),1,724277,731630
2016-09-28 20:55:51,784 - mq-monitor-logger - INFO - t_bse_org_company,0(所需同步时间:无延迟),1,95948,96912
2016-09-28 20:55:51,785 - mq-monitor-logger - INFO - t_tfr_os_loadtask_org,0(所需同步时间:无延迟),1,9749,10634
2016-09-28 20:55:51,785 - mq-monitor-logger - INFO - t_tfr_os_track_optrecord_org,0(所需同步时间:无延迟),1,537,572
2016-09-28 20:55:51,785 - mq-monitor-logger - INFO - t_bse_cus_account,0(所需同步时间:无延迟),1,42529,42529
2016-09-28 20:55:51,785 - mq-monitor-logger - INFO - t_prc_waybill_discount_detail,0(所需同步时间:无延迟),1,0,0
2016-09-28 20:55:51,785 - mq-monitor-logger - INFO - t_tfr_stockclear_task_org,0(所需同步时间:无延迟),1,7312,8259
2016-09-28 20:55:51,785 - mq-monitor-logger - INFO - t_tak_waybill_mgmtinfo_bi,1(所需同步时间:监控刚启动，未计算所需同步时间),1,982507,982506
2016-09-28 20:55:51,785 - mq-monitor-logger - INFO - t_prc_os_charges_info,0(所需同步时间:无延迟),1,21501,21511
2016-09-28 20:55:51,785 - mq-monitor-logger - INFO - t_bse_bank,0(所需同步时间:无延迟),1,28,28
2016-09-28 20:55:51,786 - mq-monitor-logger - INFO - t_bse_cus_address,0(所需同步时间:无延迟),1,17370,17370
2016-09-28 20:55:51,786 - mq-monitor-logger - INFO - t_tfr_express_arrival_org,2(所需同步时间:监控刚启动，未计算所需同步时间),1,2525176,2559137
2016-09-28 20:55:51,786 - mq-monitor-logger - INFO - t_dlv_trf_os_signoff_info,0(所需同步时间:无延迟),1,16339,16365
2016-09-28 20:55:51,786 - mq-monitor-logger - INFO - t_tfr_package_info_org,0(所需同步时间:无延迟),1,2261013,2486071
2016-09-28 20:55:51,786 - mq-monitor-logger - INFO - t_tfr_unload_diffcheck_report_detail_org,0(所需同步时间:无延迟),1,1674434,1694207
2016-09-28 20:55:51,786 - mq-monitor-logger - INFO - t_tfr_truck_task_org,1(所需同步时间:监控刚启动，未计算所需同步时间),1,1392453,1515961
2016-09-28 20:55:51,786 - mq-monitor-logger - INFO - t_dlv_delivertask_detail_org,9(所需同步时间:监控刚启动，未计算所需同步时间),1,277056976,277168973
2016-09-28 20:55:51,786 - mq-monitor-logger - INFO - t_tfr_supplycode_log_org,7(所需同步时间:监控刚启动，未计算所需同步时间),1,1344547,1360243
2016-09-28 20:55:51,787 - mq-monitor-logger - INFO - t_tak_pickup_info,2(所需同步时间:监控刚启动，未计算所需同步时间),1,1082916,1084790
2016-09-28 20:55:51,787 - mq-monitor-logger - INFO - t_tak_waybill_changerecord,0(所需同步时间:无延迟),1,51062,51726
2016-09-28 20:55:51,787 - mq-monitor-logger - INFO - t_bse_cus_bargain,0(所需同步时间:无延迟),1,60235,60235
2016-09-28 20:55:51,787 - mq-monitor-logger - INFO - t_tak_waybill_log,7(所需同步时间:监控刚启动，未计算所需同步时间),1,3117324,3275649
2016-09-28 20:55:51,787 - mq-monitor-logger - INFO - t_rut_change_path_detail,0(所需同步时间:无延迟),1,0,0
2016-09-28 21:00:41,887 - mq-monitor-logger - INFO - 



2016-09-28 21:00:51,953 - mq-monitor-logger - INFO - 2016-09-28 21:00:51的MQ队列情况如下(表名,消息数量(大概多久同步完(s)),消费者数量,进队数量,出队数量):
2016-09-28 21:00:51,954 - mq-monitor-logger - INFO - t_tfr_outwardhandover_bill_org,0(所需同步时间:无延迟),1,3282,3346
2016-09-28 21:00:51,954 - mq-monitor-logger - INFO - t_dlv_waybill_signoff_change,0(所需同步时间:无延迟),1,5378,5411
2016-09-28 21:00:51,954 - mq-monitor-logger - INFO - t_tfr_job_business_log,12(所需同步时间:3.7s),1,8246684,8427931
2016-09-28 21:00:51,954 - mq-monitor-logger - INFO - t_tfr_unloadcmd_assign_detail_org,0(所需同步时间:无延迟),1,0,0
2016-09-28 21:00:51,954 - mq-monitor-logger - INFO - t_dlv_diff_org,0(所需同步时间:无延迟),1,1289,1322
2016-09-28 21:00:51,954 - mq-monitor-logger - INFO - t_tfr_truck_task_detail_org,1(所需同步时间:0.94s),1,1538759,1680103
2016-09-28 21:00:51,955 - mq-monitor-logger - INFO - t_bse_customer_degree,0(所需同步时间:无延迟),1,0,0
2016-09-28 21:00:51,955 - mq-monitor-logger - INFO - t_bse_express_autocomple,0(所需同步时间:无延迟),1,0,0
2016-09-28 21:00:51,955 - mq-monitor-logger - INFO - t_bse_cus_bargain_app_org,0(所需同步时间:无延迟),1,111471,111471
2016-09-28 21:00:51,955 - mq-monitor-logger - INFO - t_tfr_cargo_sort_org,8(所需同步时间:2.3s),1,3571985,3613071
2016-09-28 21:00:51,955 - mq-monitor-logger - INFO - t_dlv_delivertask_org,1(所需同步时间:0.44s),1,8232258,9086297
2016-09-28 21:00:51,955 - mq-monitor-logger - INFO - t_tfr_outsourcebill_org,0(所需同步时间:无延迟),1,40291,40452
2016-09-28 21:00:51,955 - mq-monitor-logger - INFO - t_tfr_unloadcmd_assign_org,0(所需同步时间:无延迟),1,0,0
2016-09-28 21:00:51,956 - mq-monitor-logger - INFO - t_bse_cus_contact,35(所需同步时间:6.06s),1,4011944,4011909
2016-09-28 21:00:51,956 - mq-monitor-logger - INFO - t_bse_cus_contact_address,0(所需同步时间:无延迟),1,21270,21270
2016-09-28 21:00:51,956 - mq-monitor-logger - INFO - t_dlv_find_lack_goods,0(所需同步时间:无延迟),1,6108,6124
2016-09-28 21:00:51,956 - mq-monitor-logger - INFO - t_bse_par_agencybranch,0(所需同步时间:无延迟),1,29,29
2016-09-28 21:00:51,956 - mq-monitor-logger - INFO - t_tak_pickup_fillintask,1(所需同步时间:0.28s),1,2118152,2120492
2016-09-28 21:00:51,956 - mq-monitor-logger - INFO - t_dictionary_data,0(所需同步时间:无延迟),1,115237,118189
2016-09-28 21:00:51,956 - mq-monitor-logger - INFO - t_tfr_loadhandoverbill_loadtask_rel_org,0(所需同步时间:无延迟),1,439317,488209
2016-09-28 21:00:51,957 - mq-monitor-logger - INFO - t_tfr_loader_participation_org,1(所需同步时间:0.49s),1,3675750,4219106
2016-09-28 21:00:51,957 - mq-monitor-logger - INFO - t_dlv_waybill_signoff_result,3(所需同步时间:3.27s),1,1001326,1003935
2016-09-28 21:00:51,957 - mq-monitor-logger - INFO - t_bse_express_part_sales_dept,0(所需同步时间:无延迟),1,1428,1443
2016-09-28 21:00:51,957 - mq-monitor-logger - INFO - t_org_department,0(所需同步时间:无延迟),1,0,0
2016-09-28 21:00:51,957 - mq-monitor-logger - INFO - t_tfr_job_business,5(所需同步时间:1.36s),1,8621433,8803121
2016-09-28 21:00:51,957 - mq-monitor-logger - INFO - t_tfr_cage_detail_org,0(所需同步时间:无延迟),1,0,0
2016-09-28 21:00:51,957 - mq-monitor-logger - INFO - t_tak_waybill_disusingrecord_org,0(所需同步时间:无延迟),1,0,0
2016-09-28 21:00:51,957 - mq-monitor-logger - INFO - t_prc_waybill_charge_detail,0(所需同步时间:无延迟),1,0,0
2016-09-28 21:00:51,958 - mq-monitor-logger - INFO - t_rut_path_detail,9(所需同步时间:1.01s),1,6927998,6935284
2016-09-28 21:00:51,958 - mq-monitor-logger - INFO - t_bse_org_sales_department,0(所需同步时间:无延迟),1,23913,24711
2016-09-28 21:00:51,958 - mq-monitor-logger - INFO - t_dlv_diff_detail,0(所需同步时间:无延迟),1,6478,6484
2016-09-28 21:00:51,958 - mq-monitor-logger - INFO - t_tfr_stockcleardiffer_report_org,1(所需同步时间:300.0s),1,1205,1308
2016-09-28 21:00:51,958 - mq-monitor-logger - INFO - t_tfr_sortcab_package_org,0(所需同步时间:无延迟),1,0,0
2016-09-28 21:00:51,958 - mq-monitor-logger - INFO - t_tfr_tray_binding_task_detail_org,32(所需同步时间:1.18s),1,28672196,31329494
2016-09-28 21:00:51,958 - mq-monitor-logger - INFO - t_tfr_inventory_out_list_org,8(所需同步时间:1.38s),1,6490642,6559090
2016-09-28 21:00:51,959 - mq-monitor-logger - INFO - t_tfr_handoverbill_costinfo_org,0(所需同步时间:无延迟),1,0,0
2016-09-28 21:00:51,959 - mq-monitor-logger - INFO - t_tak_orderinfo,0(所需同步时间:无延迟),1,2512638,2672908
2016-09-28 21:00:51,959 - mq-monitor-logger - INFO - t_tfr_supply_log_org,0(所需同步时间:无延迟),1,0,0
2016-09-28 21:00:51,959 - mq-monitor-logger - INFO - t_tfr_inventory_bill_org,0(所需同步时间:无延迟),1,18020404,18217409
2016-09-28 21:00:51,959 - mq-monitor-logger - INFO - t_bse_express_delivery_regions,0(所需同步时间:无延迟),1,0,0
2016-09-28 21:00:51,959 - mq-monitor-logger - INFO - t_tfr_inventory_in_list_org,18(所需同步时间:2.95s),1,6451234,6523501
2016-09-28 21:00:51,959 - mq-monitor-logger - INFO - t_tak_waybill_changeitem_list_org,0(所需同步时间:无延迟),1,0,0
2016-09-28 21:00:51,960 - mq-monitor-logger - INFO - t_tak_waybill_mgmtinfo,6(所需同步时间:0.8s),1,5088240,5095900
2016-09-28 21:00:51,960 - mq-monitor-logger - INFO - t_tfr_unload_task_org,1(所需同步时间:1.16s),1,838674,966588
2016-09-28 21:00:51,960 - mq-monitor-logger - INFO - t_tfr_checktask_detail_org,13(所需同步时间:2.23s),1,2043983,2157235
2016-09-28 21:00:51,960 - mq-monitor-logger - INFO - t_tfr_package_detail_org,3(所需同步时间:5.62s),1,941093,960816
2016-09-28 21:00:51,960 - mq-monitor-logger - INFO - t_rut_transport_path_log,0(所需同步时间:无延迟),1,1833,1930
2016-09-28 21:00:51,960 - mq-monitor-logger - INFO - t_tfr_load_task_detail_org,16(所需同步时间:3.62s),1,4750926,4879669
2016-09-28 21:00:51,960 - mq-monitor-logger - INFO - t_tak_masterslave_relationship,0(所需同步时间:无延迟),1,15574,15574
2016-09-28 21:00:51,961 - mq-monitor-logger - INFO - t_tfr_stockcleartask_detail_org,0(所需同步时间:无延迟),1,7516504,7748450
2016-09-28 21:00:51,961 - mq-monitor-logger - INFO - t_bse_customer,35(所需同步时间:6.05s),1,5382577,5480703
2016-09-28 21:00:51,961 - mq-monitor-logger - INFO - t_tfr_stocktakingdiff_info_org,0(所需同步时间:无延迟),1,219,253
2016-09-28 21:00:51,961 - mq-monitor-logger - INFO - t_tfr_unload_waybill_detail_org,2(所需同步时间:0.51s),1,2972571,3064150
2016-09-28 21:00:51,961 - mq-monitor-logger - INFO - t_tfr_stockclear_operator_org,0(所需同步时间:无延迟),1,9865,10864
2016-09-28 21:00:51,961 - mq-monitor-logger - INFO - t_tfr_tray_binding_task_org,10(所需同步时间:3.21s),1,4588300,4928211
2016-09-28 21:00:51,961 - mq-monitor-logger - INFO - t_tfr_unload_diffcheck_report_org,0(所需同步时间:无延迟),1,104746,109620
2016-09-28 21:00:51,961 - mq-monitor-logger - INFO - t_bse_exdual_dept_mapping,0(所需同步时间:无延迟),1,0,0
2016-09-28 21:00:51,962 - mq-monitor-logger - INFO - t_bse_express_emp_district,0(所需同步时间:无延迟),1,8056,8056
2016-09-28 21:00:51,962 - mq-monitor-logger - INFO - t_rut_line_segment_major,0(所需同步时间:无延迟),1,3246,3296
2016-09-28 21:00:51,962 - mq-monitor-logger - INFO - t_tfr_limitition_term_org,0(所需同步时间:无延迟),1,4,4
2016-09-28 21:00:51,962 - mq-monitor-logger - INFO - t_rut_change_path_event,0(所需同步时间:无延迟),1,0,0
2016-09-28 21:00:51,962 - mq-monitor-logger - INFO - t_bse_emp_yhed,0(所需同步时间:无延迟),1,8158,8158
2016-09-28 21:00:51,962 - mq-monitor-logger - INFO - t_tfr_inventory_org,0(所需同步时间:无延迟),1,16466140,16636923
2016-09-28 21:00:51,962 - mq-monitor-logger - INFO - t_tfr_stocktask_result_org,0(所需同步时间:无延迟),1,95510,97997
2016-09-28 21:00:51,963 - mq-monitor-logger - INFO - t_prc_waybill_changeinfo,2(所需同步时间:0.49s),1,2494760,2497488
2016-09-28 21:00:51,963 - mq-monitor-logger - INFO - t_tfr_uncage_info_org,0(所需同步时间:无延迟),1,0,0
2016-09-28 21:00:51,963 - mq-monitor-logger - INFO - t_tfr_package_path_org,0(所需同步时间:无延迟),1,1305322,1512677
2016-09-28 21:00:51,963 - mq-monitor-logger - INFO - t_bse_express_oubr_plan_detail,0(所需同步时间:无延迟),1,72,72
2016-09-28 21:00:51,963 - mq-monitor-logger - INFO - t_bse_cus_preferential,0(所需同步时间:无延迟),1,113496,113496
2016-09-28 21:00:51,963 - mq-monitor-logger - INFO - t_rut_transport_path,2(所需同步时间:0.55s),1,2579010,2581938
2016-09-28 21:00:51,963 - mq-monitor-logger - INFO - t_prc_waybill_other_charge,0(所需同步时间:无延迟),1,812,992
2016-09-28 21:00:51,964 - mq-monitor-logger - INFO - t_tfr_exchage_record_org,0(所需同步时间:无延迟),1,61532,61772
2016-09-28 21:00:51,964 - mq-monitor-logger - INFO - t_tfr_packagelabel_log_org,0(所需同步时间:无延迟),1,92752,108965
2016-09-28 21:00:51,964 - mq-monitor-logger - INFO - t_bse_res_outsourcetruck,0(所需同步时间:无延迟),1,33555,34266
2016-09-28 21:00:51,964 - mq-monitor-logger - INFO - t_tfr_unload_task_detail_org,0(所需同步时间:无延迟),1,226433,246113
2016-09-28 21:00:51,964 - mq-monitor-logger - INFO - t_tfr_checktask_org,1(所需同步时间:1.27s),1,608864,705896
2016-09-28 21:00:51,964 - mq-monitor-logger - INFO - t_tfr_tray_offline_scan_task_org,0(所需同步时间:无延迟),1,56561,71256
2016-09-28 21:00:51,964 - mq-monitor-logger - INFO - t_tfr_load_task_org,4(所需同步时间:4.84s),1,1934136,2196215
2016-09-28 21:00:51,965 - mq-monitor-logger - INFO - t_bse_customer_profession,0(所需同步时间:无延迟),1,0,0
2016-09-28 21:00:51,965 - mq-monitor-logger - INFO - t_bse_pos_deliverymap,0(所需同步时间:无延迟),1,1097,1097
2016-09-28 21:00:51,965 - mq-monitor-logger - INFO - t_tfr_uncage_detail_org,0(所需同步时间:无延迟),1,0,0
2016-09-28 21:00:51,965 - mq-monitor-logger - INFO - t_tak_waybillrfc_batchchange,0(所需同步时间:无延迟),1,0,0
2016-09-28 21:00:51,965 - mq-monitor-logger - INFO - t_tfr_supplycode_task_org,20(所需同步时间:2.83s),1,4437619,4486866
2016-09-28 21:00:51,965 - mq-monitor-logger - INFO - t_tfr_stockcleardiffer_report_detail_org,1(所需同步时间:150.0s),1,285124,291415
2016-09-28 21:00:51,965 - mq-monitor-logger - INFO - t_tfr_os_waybill_track_org,0(所需同步时间:无延迟),1,524347,524617
2016-09-28 21:00:51,966 - mq-monitor-logger - INFO - t_tfr_damagedwaybill_info_org,0(所需同步时间:无延迟),1,307,307
2016-09-28 21:00:51,966 - mq-monitor-logger - INFO - t_bse_pro_masterinfo,0(所需同步时间:无延迟),1,0,0
2016-09-28 21:00:51,966 - mq-monitor-logger - INFO - t_tfr_differ_report_qms_log_org,33(所需同步时间:6.17s),1,6159937,6182600
2016-09-28 21:00:51,966 - mq-monitor-logger - INFO - t_tak_return_goods_major,0(所需同步时间:无延迟),1,157661,157667
2016-09-28 21:00:51,966 - mq-monitor-logger - INFO - t_tfr_os_paternity_print_info_org,0(所需同步时间:无延迟),1,0,0
2016-09-28 21:00:51,966 - mq-monitor-logger - INFO - t_tfr_waybill_exchage_rel_org,0(所需同步时间:无延迟),1,61044,61267
2016-09-28 21:00:51,966 - mq-monitor-logger - INFO - t_tfr_meter_bubble_org,0(所需同步时间:无延迟),1,0,0
2016-09-28 21:00:51,967 - mq-monitor-logger - INFO - t_dlv_signoff_payment_info,3(所需同步时间:3.35s),1,984083,986657
2016-09-28 21:00:51,967 - mq-monitor-logger - INFO - t_org_employee,0(所需同步时间:无延迟),1,0,0
2016-09-28 21:00:51,967 - mq-monitor-logger - INFO - t_tfr_loadhandoverbill_org,3(所需同步时间:2.32s),1,1611061,1758415
2016-09-28 21:00:51,967 - mq-monitor-logger - INFO - t_tfr_loadhandoverbill_trucktaskdetail_rel_org,1(所需同步时间:3.26s),1,618831,677685
2016-09-28 21:00:51,967 - mq-monitor-logger - INFO - t_prc_exception_log,10(所需同步时间:1.78s),1,2633533,2636429
2016-09-28 21:00:51,967 - mq-monitor-logger - INFO - t_tfr_stocktakingdiff_detail_org,0(所需同步时间:无延迟),1,0,0
2016-09-28 21:00:51,967 - mq-monitor-logger - INFO - t_bse_bank_district,0(所需同步时间:无延迟),1,0,0
2016-09-28 21:00:51,967 - mq-monitor-logger - INFO - t_bse_express_outbranch_plan,0(所需同步时间:无延迟),1,46,46
2016-09-28 21:00:51,968 - mq-monitor-logger - INFO - t_bse_express_bigzone,0(所需同步时间:无延迟),1,1176,1176
2016-09-28 21:00:51,968 - mq-monitor-logger - INFO - t_tfr_os_loadtask_detail_org,0(所需同步时间:无延迟),1,53306,53487
2016-09-28 21:00:51,968 - mq-monitor-logger - INFO - t_bse_res_selftruck,0(所需同步时间:无延迟),1,1625,1627
2016-09-28 21:00:51,968 - mq-monitor-logger - INFO - t_dlv_trajectory_record,11(所需同步时间:2.85s),1,9750202,9778465
2016-09-28 21:00:51,968 - mq-monitor-logger - INFO - t_tfr_supplycode_back_org,0(所需同步时间:无延迟),1,5766,5783
2016-09-28 21:00:51,968 - mq-monitor-logger - INFO - t_tfr_traceimport_error_info_org,0(所需同步时间:无延迟),1,14428,14428
2016-09-28 21:00:51,968 - mq-monitor-logger - INFO - t_bse_bill_rules,0(所需同步时间:无延迟),1,0,0
2016-09-28 21:00:51,969 - mq-monitor-logger - INFO - t_tfr_ptploadhandoverbill_org,0(所需同步时间:无延迟),1,21011,23243
2016-09-28 21:00:51,969 - mq-monitor-logger - INFO - t_tfr_checkuser_org,0(所需同步时间:无延迟),1,353156,411227
2016-09-28 21:00:51,969 - mq-monitor-logger - INFO - t_bse_express_zz_sales_dept,0(所需同步时间:无延迟),1,1609,1609
2016-09-28 21:00:51,969 - mq-monitor-logger - INFO - t_tfr_cage_info_org,0(所需同步时间:无延迟),1,0,0
2016-09-28 21:00:51,969 - mq-monitor-logger - INFO - t_tfr_exception_goods_info_org,0(所需同步时间:无延迟),1,0,0
2016-09-28 21:00:51,969 - mq-monitor-logger - ERROR - t_tak_waybill_baseinfo 表预估延迟超过900s，请检查!
2016-09-28 21:00:51,969 - mq-monitor-logger - INFO - t_tak_waybill_baseinfo,46897(所需同步时间:14069.1s),1,2381629,2337393
2016-09-28 21:00:51,970 - mq-monitor-logger - INFO - t_tak_waybill_alternative_relationship,0(所需同步时间:无延迟),1,6408,7262
2016-09-28 21:00:51,970 - mq-monitor-logger - INFO - t_tfr_less_report_org,0(所需同步时间:无延迟),1,724279,731632
2016-09-28 21:00:51,970 - mq-monitor-logger - INFO - t_bse_org_company,0(所需同步时间:无延迟),1,95948,96912
2016-09-28 21:00:51,970 - mq-monitor-logger - INFO - t_tfr_os_loadtask_org,0(所需同步时间:无延迟),1,9750,10635
2016-09-28 21:00:51,970 - mq-monitor-logger - INFO - t_tfr_os_track_optrecord_org,0(所需同步时间:无延迟),1,537,572
2016-09-28 21:00:51,970 - mq-monitor-logger - INFO - t_bse_cus_account,0(所需同步时间:无延迟),1,42530,42530
2016-09-28 21:00:51,970 - mq-monitor-logger - INFO - t_prc_waybill_discount_detail,0(所需同步时间:无延迟),1,0,0
2016-09-28 21:00:51,971 - mq-monitor-logger - INFO - t_tfr_stockclear_task_org,1(所需同步时间:300s内消费数量为0，暂时无法计算),1,7313,8259
2016-09-28 21:00:51,971 - mq-monitor-logger - INFO - t_tak_waybill_mgmtinfo_bi,1(所需同步时间:0.41s),1,983231,983230
2016-09-28 21:00:51,971 - mq-monitor-logger - INFO - t_prc_os_charges_info,0(所需同步时间:无延迟),1,21501,21511
2016-09-28 21:00:51,971 - mq-monitor-logger - INFO - t_bse_bank,0(所需同步时间:无延迟),1,28,28
2016-09-28 21:00:51,971 - mq-monitor-logger - INFO - t_bse_cus_address,0(所需同步时间:无延迟),1,17371,17371
2016-09-28 21:00:51,971 - mq-monitor-logger - INFO - t_tfr_express_arrival_org,12(所需同步时间:3.49s),1,2526217,2560168
2016-09-28 21:00:51,971 - mq-monitor-logger - INFO - t_dlv_trf_os_signoff_info,0(所需同步时间:无延迟),1,16343,16369
2016-09-28 21:00:51,972 - mq-monitor-logger - INFO - t_tfr_package_info_org,5(所需同步时间:3.76s),1,2261417,2486470
2016-09-28 21:00:51,972 - mq-monitor-logger - INFO - t_tfr_unload_diffcheck_report_detail_org,60(所需同步时间:295.08s),1,1674555,1694268
2016-09-28 21:00:51,972 - mq-monitor-logger - INFO - t_tfr_truck_task_org,1(所需同步时间:1.07s),1,1392734,1516242
2016-09-28 21:00:51,972 - mq-monitor-logger - INFO - t_dlv_delivertask_detail_org,10(所需同步时间:3.46s),1,277057843,277169839
2016-09-28 21:00:51,972 - mq-monitor-logger - INFO - t_tfr_supplycode_log_org,6(所需同步时间:2.49s),1,1345268,1360965
2016-09-28 21:00:51,972 - mq-monitor-logger - INFO - t_tak_pickup_info,3(所需同步时间:2.88s),1,1083229,1085102
2016-09-28 21:00:51,973 - mq-monitor-logger - INFO - t_tak_waybill_changerecord,0(所需同步时间:无延迟),1,51066,51730
2016-09-28 21:00:51,973 - mq-monitor-logger - INFO - t_bse_cus_bargain,0(所需同步时间:无延迟),1,60236,60236
2016-09-28 21:00:51,973 - mq-monitor-logger - INFO - t_tak_waybill_log,4(所需同步时间:3.75s),1,3117641,3275969
2016-09-28 21:00:51,973 - mq-monitor-logger - INFO - t_rut_change_path_detail,0(所需同步时间:无延迟),1,0,0
2016-09-28 21:05:42,073 - mq-monitor-logger - INFO - 



2016-09-28 21:05:52,161 - mq-monitor-logger - INFO - 2016-09-28 21:05:52的MQ队列情况如下(表名,消息数量(大概多久同步完(s)),消费者数量,进队数量,出队数量):
2016-09-28 21:05:52,161 - mq-monitor-logger - INFO - t_tfr_outwardhandover_bill_org,0(所需同步时间:无延迟),1,3282,3346
2016-09-28 21:05:52,161 - mq-monitor-logger - INFO - t_dlv_waybill_signoff_change,0(所需同步时间:无延迟),1,5378,5411
2016-09-28 21:05:52,162 - mq-monitor-logger - INFO - t_tfr_job_business_log,35(所需同步时间:2.4s),1,8251084,8432308
2016-09-28 21:05:52,162 - mq-monitor-logger - INFO - t_tfr_unloadcmd_assign_detail_org,0(所需同步时间:无延迟),1,0,0
2016-09-28 21:05:52,162 - mq-monitor-logger - INFO - t_dlv_diff_org,0(所需同步时间:无延迟),1,1289,1322
2016-09-28 21:05:52,162 - mq-monitor-logger - INFO - t_tfr_truck_task_detail_org,2(所需同步时间:2.54s),1,1538996,1680339
2016-09-28 21:05:52,162 - mq-monitor-logger - INFO - t_bse_customer_degree,0(所需同步时间:无延迟),1,0,0
2016-09-28 21:05:52,162 - mq-monitor-logger - INFO - t_bse_express_autocomple,0(所需同步时间:无延迟),1,0,0
2016-09-28 21:05:52,163 - mq-monitor-logger - INFO - t_bse_cus_bargain_app_org,0(所需同步时间:无延迟),1,111473,111473
2016-09-28 21:05:52,163 - mq-monitor-logger - INFO - t_tfr_cargo_sort_org,7(所需同步时间:1.96s),1,3573057,3614144
2016-09-28 21:05:52,163 - mq-monitor-logger - INFO - t_dlv_delivertask_org,8(所需同步时间:4.17s),1,8232840,9086872
2016-09-28 21:05:52,163 - mq-monitor-logger - INFO - t_tfr_outsourcebill_org,0(所需同步时间:无延迟),1,40295,40456
2016-09-28 21:05:52,163 - mq-monitor-logger - INFO - t_tfr_unloadcmd_assign_org,0(所需同步时间:无延迟),1,0,0
2016-09-28 21:05:52,163 - mq-monitor-logger - INFO - t_bse_cus_contact,0(所需同步时间:无延迟),1,4013179,4013179
2016-09-28 21:05:52,163 - mq-monitor-logger - INFO - t_bse_cus_contact_address,0(所需同步时间:无延迟),1,21270,21270
2016-09-28 21:05:52,164 - mq-monitor-logger - INFO - t_dlv_find_lack_goods,0(所需同步时间:无延迟),1,6108,6124
2016-09-28 21:05:52,164 - mq-monitor-logger - INFO - t_bse_par_agencybranch,0(所需同步时间:无延迟),1,29,29
2016-09-28 21:05:52,164 - mq-monitor-logger - INFO - t_tak_pickup_fillintask,4(所需同步时间:1.29s),1,2119084,2121421
2016-09-28 21:05:52,164 - mq-monitor-logger - INFO - t_dictionary_data,0(所需同步时间:无延迟),1,115237,118189
2016-09-28 21:05:52,164 - mq-monitor-logger - INFO - t_tfr_loadhandoverbill_loadtask_rel_org,0(所需同步时间:无延迟),1,439376,488268
2016-09-28 21:05:52,164 - mq-monitor-logger - INFO - t_tfr_loader_participation_org,11(所需同步时间:4.51s),1,3676491,4219837
2016-09-28 21:05:52,164 - mq-monitor-logger - INFO - t_dlv_waybill_signoff_result,1(所需同步时间:1.39s),1,1001540,1004151
2016-09-28 21:05:52,165 - mq-monitor-logger - INFO - t_bse_express_part_sales_dept,0(所需同步时间:无延迟),1,1428,1443
2016-09-28 21:05:52,165 - mq-monitor-logger - INFO - t_org_department,0(所需同步时间:无延迟),1,0,0
2016-09-28 21:05:52,165 - mq-monitor-logger - INFO - t_tfr_job_business,8(所需同步时间:0.52s),1,8626009,8807694
2016-09-28 21:05:52,165 - mq-monitor-logger - INFO - t_tfr_cage_detail_org,0(所需同步时间:无延迟),1,0,0
2016-09-28 21:05:52,165 - mq-monitor-logger - INFO - t_tak_waybill_disusingrecord_org,0(所需同步时间:无延迟),1,0,0
2016-09-28 21:05:52,165 - mq-monitor-logger - INFO - t_prc_waybill_charge_detail,0(所需同步时间:无延迟),1,0,0
2016-09-28 21:05:52,165 - mq-monitor-logger - INFO - t_rut_path_detail,10(所需同步时间:1.28s),1,6930340,6937625
2016-09-28 21:05:52,165 - mq-monitor-logger - INFO - t_bse_org_sales_department,0(所需同步时间:无延迟),1,23913,24711
2016-09-28 21:05:52,166 - mq-monitor-logger - INFO - t_dlv_diff_detail,0(所需同步时间:无延迟),1,6478,6484
2016-09-28 21:05:52,166 - mq-monitor-logger - INFO - t_tfr_stockcleardiffer_report_org,0(所需同步时间:无延迟),1,1205,1309
2016-09-28 21:05:52,166 - mq-monitor-logger - INFO - t_tfr_sortcab_package_org,0(所需同步时间:无延迟),1,0,0
2016-09-28 21:05:52,166 - mq-monitor-logger - INFO - t_tfr_tray_binding_task_detail_org,36(所需同步时间:1.23s),1,28680981,31338275
2016-09-28 21:05:52,166 - mq-monitor-logger - INFO - t_tfr_inventory_out_list_org,22(所需同步时间:5.2s),1,6491926,6560360
2016-09-28 21:05:52,166 - mq-monitor-logger - INFO - t_tfr_handoverbill_costinfo_org,0(所需同步时间:无延迟),1,0,0
2016-09-28 21:05:52,166 - mq-monitor-logger - INFO - t_tak_orderinfo,0(所需同步时间:无延迟),1,2512653,2672923
2016-09-28 21:05:52,167 - mq-monitor-logger - INFO - t_tfr_supply_log_org,0(所需同步时间:无延迟),1,0,0
2016-09-28 21:05:52,167 - mq-monitor-logger - INFO - t_tfr_inventory_bill_org,1(所需同步时间:0.06s),1,18025584,18222588
2016-09-28 21:05:52,167 - mq-monitor-logger - INFO - t_bse_express_delivery_regions,0(所需同步时间:无延迟),1,0,0
2016-09-28 21:05:52,167 - mq-monitor-logger - INFO - t_tfr_inventory_in_list_org,17(所需同步时间:2.64s),1,6453163,6525431
2016-09-28 21:05:52,167 - mq-monitor-logger - INFO - t_tak_waybill_changeitem_list_org,0(所需同步时间:无延迟),1,0,0
2016-09-28 21:05:52,167 - mq-monitor-logger - INFO - t_tak_waybill_mgmtinfo,13(所需同步时间:1.94s),1,5090253,5097906
2016-09-28 21:05:52,167 - mq-monitor-logger - INFO - t_tfr_unload_task_org,5(所需同步时间:5.26s),1,838963,966873
2016-09-28 21:05:52,168 - mq-monitor-logger - INFO - t_tfr_checktask_detail_org,1(所需同步时间:0.25s),1,2045163,2158427
2016-09-28 21:05:52,168 - mq-monitor-logger - INFO - t_tfr_package_detail_org,1(所需同步时间:1.27s),1,941327,961052
2016-09-28 21:05:52,168 - mq-monitor-logger - INFO - t_rut_transport_path_log,0(所需同步时间:无延迟),1,1833,1930
2016-09-28 21:05:52,168 - mq-monitor-logger - INFO - t_tfr_load_task_detail_org,13(所需同步时间:3.01s),1,4752218,4880964
2016-09-28 21:05:52,168 - mq-monitor-logger - INFO - t_tak_masterslave_relationship,0(所需同步时间:无延迟),1,15574,15574
2016-09-28 21:05:52,168 - mq-monitor-logger - INFO - t_tfr_stockcleartask_detail_org,0(所需同步时间:无延迟),1,7516504,7748450
2016-09-28 21:05:52,168 - mq-monitor-logger - INFO - t_bse_customer,0(所需同步时间:无延迟),1,5383815,5481976
2016-09-28 21:05:52,169 - mq-monitor-logger - INFO - t_tfr_stocktakingdiff_info_org,0(所需同步时间:无延迟),1,219,253
2016-09-28 21:05:52,169 - mq-monitor-logger - INFO - t_tfr_unload_waybill_detail_org,12(所需同步时间:2.91s),1,2973818,3065387
2016-09-28 21:05:52,169 - mq-monitor-logger - INFO - t_tfr_stockclear_operator_org,0(所需同步时间:无延迟),1,9865,10864
2016-09-28 21:05:52,169 - mq-monitor-logger - INFO - t_tfr_tray_binding_task_org,9(所需同步时间:3.01s),1,4589197,4929109
2016-09-28 21:05:52,169 - mq-monitor-logger - INFO - t_tfr_unload_diffcheck_report_org,0(所需同步时间:无延迟),1,104769,109643
2016-09-28 21:05:52,169 - mq-monitor-logger - INFO - t_bse_exdual_dept_mapping,0(所需同步时间:无延迟),1,0,0
2016-09-28 21:05:52,169 - mq-monitor-logger - INFO - t_bse_express_emp_district,0(所需同步时间:无延迟),1,8056,8056
2016-09-28 21:05:52,170 - mq-monitor-logger - INFO - t_rut_line_segment_major,0(所需同步时间:无延迟),1,3246,3296
2016-09-28 21:05:52,170 - mq-monitor-logger - INFO - t_tfr_limitition_term_org,0(所需同步时间:无延迟),1,4,4
2016-09-28 21:05:52,170 - mq-monitor-logger - INFO - t_rut_change_path_event,0(所需同步时间:无延迟),1,0,0
2016-09-28 21:05:52,170 - mq-monitor-logger - INFO - t_bse_emp_yhed,0(所需同步时间:无延迟),1,8159,8159
2016-09-28 21:05:52,170 - mq-monitor-logger - INFO - t_tfr_inventory_org,1(所需同步时间:0.06s),1,16470990,16641772
2016-09-28 21:05:52,170 - mq-monitor-logger - INFO - t_tfr_stocktask_result_org,0(所需同步时间:无延迟),1,95510,97997
2016-09-28 21:05:52,170 - mq-monitor-logger - INFO - t_prc_waybill_changeinfo,4(所需同步时间:1.14s),1,2495812,2498538
2016-09-28 21:05:52,170 - mq-monitor-logger - INFO - t_tfr_uncage_info_org,0(所需同步时间:无延迟),1,0,0
2016-09-28 21:05:52,171 - mq-monitor-logger - INFO - t_tfr_package_path_org,1(所需同步时间:2.38s),1,1305449,1512803
2016-09-28 21:05:52,171 - mq-monitor-logger - INFO - t_bse_express_oubr_plan_detail,0(所需同步时间:无延迟),1,72,72
2016-09-28 21:05:52,171 - mq-monitor-logger - INFO - t_bse_cus_preferential,0(所需同步时间:无延迟),1,113496,113496
2016-09-28 21:05:52,171 - mq-monitor-logger - INFO - t_rut_transport_path,3(所需同步时间:0.94s),1,2579972,2582899
2016-09-28 21:05:52,171 - mq-monitor-logger - INFO - t_prc_waybill_other_charge,0(所需同步时间:无延迟),1,812,992
2016-09-28 21:05:52,171 - mq-monitor-logger - INFO - t_tfr_exchage_record_org,0(所需同步时间:无延迟),1,61532,61772
2016-09-28 21:05:52,171 - mq-monitor-logger - INFO - t_tfr_packagelabel_log_org,0(所需同步时间:无延迟),1,92763,108976
2016-09-28 21:05:52,172 - mq-monitor-logger - INFO - t_bse_res_outsourcetruck,0(所需同步时间:无延迟),1,33559,34270
2016-09-28 21:05:52,172 - mq-monitor-logger - INFO - t_tfr_unload_task_detail_org,1(所需同步时间:2.4s),1,226559,246238
2016-09-28 21:05:52,172 - mq-monitor-logger - INFO - t_tfr_checktask_org,1(所需同步时间:1.29s),1,609096,706128
2016-09-28 21:05:52,172 - mq-monitor-logger - INFO - t_tfr_tray_offline_scan_task_org,0(所需同步时间:无延迟),1,56579,71274
2016-09-28 21:05:52,172 - mq-monitor-logger - INFO - t_tfr_load_task_org,2(所需同步时间:2.13s),1,1934416,2196497
2016-09-28 21:05:52,172 - mq-monitor-logger - INFO - t_bse_customer_profession,0(所需同步时间:无延迟),1,0,0
2016-09-28 21:05:52,173 - mq-monitor-logger - INFO - t_bse_pos_deliverymap,0(所需同步时间:无延迟),1,1097,1097
2016-09-28 21:05:52,173 - mq-monitor-logger - INFO - t_tfr_uncage_detail_org,0(所需同步时间:无延迟),1,0,0
2016-09-28 21:05:52,173 - mq-monitor-logger - INFO - t_tak_waybillrfc_batchchange,0(所需同步时间:无延迟),1,0,0
2016-09-28 21:05:52,173 - mq-monitor-logger - INFO - t_tfr_supplycode_task_org,5(所需同步时间:0.77s),1,4439540,4488802
2016-09-28 21:05:52,173 - mq-monitor-logger - INFO - t_tfr_stockcleardiffer_report_detail_org,0(所需同步时间:无延迟),1,285133,291425
2016-09-28 21:05:52,173 - mq-monitor-logger - INFO - t_tfr_os_waybill_track_org,0(所需同步时间:无延迟),1,524376,524646
2016-09-28 21:05:52,173 - mq-monitor-logger - INFO - t_tfr_damagedwaybill_info_org,0(所需同步时间:无延迟),1,307,307
2016-09-28 21:05:52,173 - mq-monitor-logger - INFO - t_bse_pro_masterinfo,0(所需同步时间:无延迟),1,0,0
2016-09-28 21:05:52,174 - mq-monitor-logger - INFO - t_tfr_differ_report_qms_log_org,100(所需同步时间:3.09s),1,6169718,6192314
2016-09-28 21:05:52,174 - mq-monitor-logger - INFO - t_tak_return_goods_major,0(所需同步时间:无延迟),1,157677,157683
2016-09-28 21:05:52,174 - mq-monitor-logger - INFO - t_tfr_os_paternity_print_info_org,0(所需同步时间:无延迟),1,0,0
2016-09-28 21:05:52,174 - mq-monitor-logger - INFO - t_tfr_waybill_exchage_rel_org,0(所需同步时间:无延迟),1,61044,61267
2016-09-28 21:05:52,174 - mq-monitor-logger - INFO - t_tfr_meter_bubble_org,0(所需同步时间:无延迟),1,0,0
2016-09-28 21:05:52,174 - mq-monitor-logger - INFO - t_dlv_signoff_payment_info,2(所需同步时间:2.82s),1,984295,986870
2016-09-28 21:05:52,174 - mq-monitor-logger - INFO - t_org_employee,0(所需同步时间:无延迟),1,0,0
2016-09-28 21:05:52,175 - mq-monitor-logger - INFO - t_tfr_loadhandoverbill_org,2(所需同步时间:1.91s),1,1611374,1758729
2016-09-28 21:05:52,175 - mq-monitor-logger - INFO - t_tfr_loadhandoverbill_trucktaskdetail_rel_org,1(所需同步时间:4.29s),1,618901,677755
2016-09-28 21:05:52,175 - mq-monitor-logger - INFO - t_prc_exception_log,12(所需同步时间:2.36s),1,2635061,2637955
2016-09-28 21:05:52,175 - mq-monitor-logger - INFO - t_tfr_stocktakingdiff_detail_org,0(所需同步时间:无延迟),1,0,0
2016-09-28 21:05:52,175 - mq-monitor-logger - INFO - t_bse_bank_district,0(所需同步时间:无延迟),1,0,0
2016-09-28 21:05:52,175 - mq-monitor-logger - INFO - t_bse_express_outbranch_plan,0(所需同步时间:无延迟),1,46,46
2016-09-28 21:05:52,175 - mq-monitor-logger - INFO - t_bse_express_bigzone,0(所需同步时间:无延迟),1,1176,1176
2016-09-28 21:05:52,176 - mq-monitor-logger - INFO - t_tfr_os_loadtask_detail_org,0(所需同步时间:无延迟),1,53306,53487
2016-09-28 21:05:52,176 - mq-monitor-logger - INFO - t_bse_res_selftruck,0(所需同步时间:无延迟),1,1625,1627
2016-09-28 21:05:52,176 - mq-monitor-logger - INFO - t_dlv_trajectory_record,1(所需同步时间:0.29s),1,9751222,9779495
2016-09-28 21:05:52,176 - mq-monitor-logger - INFO - t_tfr_supplycode_back_org,0(所需同步时间:无延迟),1,5769,5786
2016-09-28 21:05:52,176 - mq-monitor-logger - INFO - t_tfr_traceimport_error_info_org,0(所需同步时间:无延迟),1,14428,14428
2016-09-28 21:05:52,176 - mq-monitor-logger - INFO - t_bse_bill_rules,0(所需同步时间:无延迟),1,0,0
2016-09-28 21:05:52,176 - mq-monitor-logger - INFO - t_tfr_ptploadhandoverbill_org,0(所需同步时间:无延迟),1,21016,23248
2016-09-28 21:05:52,177 - mq-monitor-logger - INFO - t_tfr_checkuser_org,0(所需同步时间:无延迟),1,353278,411349
2016-09-28 21:05:52,177 - mq-monitor-logger - INFO - t_bse_express_zz_sales_dept,0(所需同步时间:无延迟),1,1609,1609
2016-09-28 21:05:52,177 - mq-monitor-logger - INFO - t_tfr_cage_info_org,0(所需同步时间:无延迟),1,0,0
2016-09-28 21:05:52,177 - mq-monitor-logger - INFO - t_tfr_exception_goods_info_org,0(所需同步时间:无延迟),1,0,0
2016-09-28 21:05:52,177 - mq-monitor-logger - ERROR - t_tak_waybill_baseinfo 表预估延迟超过900s，请检查!
2016-09-28 21:05:52,177 - mq-monitor-logger - INFO - t_tak_waybill_baseinfo,47371(所需同步时间:28422.6s),1,2382603,2337893
2016-09-28 21:05:52,177 - mq-monitor-logger - INFO - t_tak_waybill_alternative_relationship,0(所需同步时间:无延迟),1,6408,7262
2016-09-28 21:05:52,178 - mq-monitor-logger - INFO - t_tfr_less_report_org,0(所需同步时间:无延迟),1,724434,731787
2016-09-28 21:05:52,178 - mq-monitor-logger - INFO - t_bse_org_company,0(所需同步时间:无延迟),1,95954,96918
2016-09-28 21:05:52,178 - mq-monitor-logger - INFO - t_tfr_os_loadtask_org,0(所需同步时间:无延迟),1,9750,10635
2016-09-28 21:05:52,178 - mq-monitor-logger - INFO - t_tfr_os_track_optrecord_org,0(所需同步时间:无延迟),1,537,572
2016-09-28 21:05:52,178 - mq-monitor-logger - INFO - t_bse_cus_account,0(所需同步时间:无延迟),1,42531,42531
2016-09-28 21:05:52,178 - mq-monitor-logger - INFO - t_prc_waybill_discount_detail,0(所需同步时间:无延迟),1,0,0
2016-09-28 21:05:52,178 - mq-monitor-logger - INFO - t_tfr_stockclear_task_org,0(所需同步时间:无延迟),1,7313,8260
2016-09-28 21:05:52,179 - mq-monitor-logger - INFO - t_tak_waybill_mgmtinfo_bi,2(所需同步时间:0.87s),1,983924,983922
2016-09-28 21:05:52,179 - mq-monitor-logger - INFO - t_prc_os_charges_info,0(所需同步时间:无延迟),1,21501,21511
2016-09-28 21:05:52,179 - mq-monitor-logger - INFO - t_bse_bank,0(所需同步时间:无延迟),1,28,28
2016-09-28 21:05:52,179 - mq-monitor-logger - INFO - t_bse_cus_address,0(所需同步时间:无延迟),1,17371,17371
2016-09-28 21:05:52,179 - mq-monitor-logger - INFO - t_tfr_express_arrival_org,1(所需同步时间:0.32s),1,2527141,2561103
2016-09-28 21:05:52,179 - mq-monitor-logger - INFO - t_dlv_trf_os_signoff_info,0(所需同步时间:无延迟),1,16347,16373
2016-09-28 21:05:52,179 - mq-monitor-logger - INFO - t_tfr_package_info_org,1(所需同步时间:0.74s),1,2261819,2486876
2016-09-28 21:05:52,180 - mq-monitor-logger - INFO - t_tfr_unload_diffcheck_report_detail_org,3(所需同步时间:3.14s),1,1674785,1694555
2016-09-28 21:05:52,180 - mq-monitor-logger - INFO - t_tfr_truck_task_org,1(所需同步时间:1.49s),1,1392936,1516444
2016-09-28 21:05:52,180 - mq-monitor-logger - INFO - t_dlv_delivertask_detail_org,8(所需同步时间:3.08s),1,277058619,277170617
2016-09-28 21:05:52,180 - mq-monitor-logger - INFO - t_tfr_supplycode_log_org,0(所需同步时间:无延迟),1,1345964,1361667
2016-09-28 21:05:52,180 - mq-monitor-logger - INFO - t_tak_pickup_info,1(所需同步时间:1.26s),1,1083466,1085341
2016-09-28 21:05:52,180 - mq-monitor-logger - INFO - t_tak_waybill_changerecord,0(所需同步时间:无延迟),1,51075,51739
2016-09-28 21:05:52,180 - mq-monitor-logger - INFO - t_bse_cus_bargain,0(所需同步时间:无延迟),1,60236,60236
2016-09-28 21:05:52,181 - mq-monitor-logger - INFO - t_tak_waybill_log,3(所需同步时间:3.91s),1,3117870,3276199
2016-09-28 21:05:52,181 - mq-monitor-logger - INFO - t_rut_change_path_detail,0(所需同步时间:无延迟),1,0,0
2016-09-28 21:08:27,291 - mq-monitor-logger - INFO - 2016-09-28 21:08:27的MQ队列情况如下(表名,消息数量(大概多久同步完(s)),消费者数量,进队数量,出队数量):
2016-09-28 21:08:27,292 - mq-monitor-logger - INFO - t_tfr_outwardhandover_bill_org,0(所需同步时间:无延迟),1,3282,3346
2016-09-28 21:08:27,292 - mq-monitor-logger - INFO - t_dlv_waybill_signoff_change,0(所需同步时间:无延迟),1,5380,5413
2016-09-28 21:08:27,292 - mq-monitor-logger - INFO - t_tfr_job_business_log,29(所需同步时间:监控刚启动，未计算所需同步时间),1,8253437,8434667
2016-09-28 21:08:27,292 - mq-monitor-logger - INFO - t_tfr_unloadcmd_assign_detail_org,0(所需同步时间:无延迟),1,0,0
2016-09-28 21:08:27,292 - mq-monitor-logger - INFO - t_dlv_diff_org,0(所需同步时间:无延迟),1,1289,1322
2016-09-28 21:08:27,293 - mq-monitor-logger - INFO - t_tfr_truck_task_detail_org,0(所需同步时间:无延迟),1,1539113,1680458
2016-09-28 21:08:27,293 - mq-monitor-logger - INFO - t_bse_customer_degree,0(所需同步时间:无延迟),1,0,0
2016-09-28 21:08:27,293 - mq-monitor-logger - INFO - t_bse_express_autocomple,0(所需同步时间:无延迟),1,0,0
2016-09-28 21:08:27,293 - mq-monitor-logger - INFO - t_bse_cus_bargain_app_org,0(所需同步时间:无延迟),1,111473,111473
2016-09-28 21:08:27,293 - mq-monitor-logger - INFO - t_tfr_cargo_sort_org,1(所需同步时间:监控刚启动，未计算所需同步时间),1,3573729,3614822
2016-09-28 21:08:27,293 - mq-monitor-logger - INFO - t_dlv_delivertask_org,1(所需同步时间:监控刚启动，未计算所需同步时间),1,8233134,9087173
2016-09-28 21:08:27,293 - mq-monitor-logger - INFO - t_tfr_outsourcebill_org,0(所需同步时间:无延迟),1,40299,40460
2016-09-28 21:08:27,294 - mq-monitor-logger - INFO - t_tfr_unloadcmd_assign_org,0(所需同步时间:无延迟),1,0,0
2016-09-28 21:08:27,294 - mq-monitor-logger - INFO - t_bse_cus_contact,0(所需同步时间:无延迟),1,4014124,4014124
2016-09-28 21:08:27,294 - mq-monitor-logger - INFO - t_bse_cus_contact_address,0(所需同步时间:无延迟),1,21270,21270
2016-09-28 21:08:27,294 - mq-monitor-logger - INFO - t_dlv_find_lack_goods,0(所需同步时间:无延迟),1,6108,6124
2016-09-28 21:08:27,294 - mq-monitor-logger - INFO - t_bse_par_agencybranch,0(所需同步时间:无延迟),1,29,29
2016-09-28 21:08:27,294 - mq-monitor-logger - INFO - t_tak_pickup_fillintask,1(所需同步时间:监控刚启动，未计算所需同步时间),1,2119576,2121916
2016-09-28 21:08:27,294 - mq-monitor-logger - INFO - t_dictionary_data,0(所需同步时间:无延迟),1,115237,118189
2016-09-28 21:08:27,294 - mq-monitor-logger - INFO - t_tfr_loadhandoverbill_loadtask_rel_org,0(所需同步时间:无延迟),1,439411,488303
2016-09-28 21:08:27,295 - mq-monitor-logger - INFO - t_tfr_loader_participation_org,0(所需同步时间:无延迟),1,3676833,4220190
2016-09-28 21:08:27,295 - mq-monitor-logger - INFO - t_dlv_waybill_signoff_result,3(所需同步时间:监控刚启动，未计算所需同步时间),1,1001637,1004246
2016-09-28 21:08:27,295 - mq-monitor-logger - INFO - t_bse_express_part_sales_dept,0(所需同步时间:无延迟),1,1428,1443
2016-09-28 21:08:27,295 - mq-monitor-logger - INFO - t_org_department,0(所需同步时间:无延迟),1,0,0
2016-09-28 21:08:27,295 - mq-monitor-logger - INFO - t_tfr_job_business,21(所需同步时间:监控刚启动，未计算所需同步时间),1,8628432,8810104
2016-09-28 21:08:27,295 - mq-monitor-logger - INFO - t_tfr_cage_detail_org,0(所需同步时间:无延迟),1,0,0
2016-09-28 21:08:27,295 - mq-monitor-logger - INFO - t_tak_waybill_disusingrecord_org,0(所需同步时间:无延迟),1,0,0
2016-09-28 21:08:27,296 - mq-monitor-logger - INFO - t_prc_waybill_charge_detail,0(所需同步时间:无延迟),1,0,0
2016-09-28 21:08:27,296 - mq-monitor-logger - INFO - t_rut_path_detail,24(所需同步时间:监控刚启动，未计算所需同步时间),1,6931614,6938885
2016-09-28 21:08:27,296 - mq-monitor-logger - INFO - t_bse_org_sales_department,0(所需同步时间:无延迟),1,23913,24711
2016-09-28 21:08:27,296 - mq-monitor-logger - INFO - t_dlv_diff_detail,0(所需同步时间:无延迟),1,6478,6484
2016-09-28 21:08:27,296 - mq-monitor-logger - INFO - t_tfr_stockcleardiffer_report_org,0(所需同步时间:无延迟),1,1205,1309
2016-09-28 21:08:27,296 - mq-monitor-logger - INFO - t_tfr_sortcab_package_org,0(所需同步时间:无延迟),1,0,0
2016-09-28 21:08:27,296 - mq-monitor-logger - INFO - t_tfr_tray_binding_task_detail_org,43(所需同步时间:监控刚启动，未计算所需同步时间),1,28685371,31342658
2016-09-28 21:08:27,296 - mq-monitor-logger - INFO - t_tfr_inventory_out_list_org,20(所需同步时间:监控刚启动，未计算所需同步时间),1,6492520,6560956
2016-09-28 21:08:27,297 - mq-monitor-logger - INFO - t_tfr_handoverbill_costinfo_org,0(所需同步时间:无延迟),1,0,0
2016-09-28 21:08:27,297 - mq-monitor-logger - INFO - t_tak_orderinfo,0(所需同步时间:无延迟),1,2512667,2672937
2016-09-28 21:08:27,297 - mq-monitor-logger - INFO - t_tfr_supply_log_org,0(所需同步时间:无延迟),1,0,0
2016-09-28 21:08:27,297 - mq-monitor-logger - INFO - t_tfr_inventory_bill_org,15(所需同步时间:监控刚启动，未计算所需同步时间),1,18028239,18225229
2016-09-28 21:08:27,297 - mq-monitor-logger - INFO - t_bse_express_delivery_regions,0(所需同步时间:无延迟),1,0,0
2016-09-28 21:08:27,297 - mq-monitor-logger - INFO - t_tfr_inventory_in_list_org,1(所需同步时间:监控刚启动，未计算所需同步时间),1,6454153,6526437
2016-09-28 21:08:27,297 - mq-monitor-logger - INFO - t_tak_waybill_changeitem_list_org,0(所需同步时间:无延迟),1,0,0
2016-09-28 21:08:27,297 - mq-monitor-logger - INFO - t_tak_waybill_mgmtinfo,19(所需同步时间:监控刚启动，未计算所需同步时间),1,5091343,5098990
2016-09-28 21:08:27,298 - mq-monitor-logger - INFO - t_tfr_unload_task_org,0(所需同步时间:无延迟),1,839106,967021
2016-09-28 21:08:27,298 - mq-monitor-logger - INFO - t_tfr_checktask_detail_org,0(所需同步时间:无延迟),1,2045740,2159005
2016-09-28 21:08:27,298 - mq-monitor-logger - INFO - t_tfr_package_detail_org,0(所需同步时间:无延迟),1,941448,961174
2016-09-28 21:08:27,298 - mq-monitor-logger - INFO - t_rut_transport_path_log,0(所需同步时间:无延迟),1,1833,1930
2016-09-28 21:08:27,298 - mq-monitor-logger - INFO - t_tfr_load_task_detail_org,3(所需同步时间:监控刚启动，未计算所需同步时间),1,4752865,4881621
2016-09-28 21:08:27,298 - mq-monitor-logger - INFO - t_tak_masterslave_relationship,0(所需同步时间:无延迟),1,15574,15574
2016-09-28 21:08:27,298 - mq-monitor-logger - INFO - t_tfr_stockcleartask_detail_org,0(所需同步时间:无延迟),1,7518037,7749983
2016-09-28 21:08:27,298 - mq-monitor-logger - INFO - t_bse_customer,0(所需同步时间:无延迟),1,5384764,5482925
2016-09-28 21:08:27,299 - mq-monitor-logger - INFO - t_tfr_stocktakingdiff_info_org,0(所需同步时间:无延迟),1,219,253
2016-09-28 21:08:27,299 - mq-monitor-logger - INFO - t_tfr_unload_waybill_detail_org,14(所需同步时间:监控刚启动，未计算所需同步时间),1,2974675,3066242
2016-09-28 21:08:27,299 - mq-monitor-logger - INFO - t_tfr_stockclear_operator_org,0(所需同步时间:无延迟),1,9866,10865
2016-09-28 21:08:27,299 - mq-monitor-logger - INFO - t_tfr_tray_binding_task_org,12(所需同步时间:监控刚启动，未计算所需同步时间),1,4589649,4929558
2016-09-28 21:08:27,299 - mq-monitor-logger - INFO - t_tfr_unload_diffcheck_report_org,1(所需同步时间:监控刚启动，未计算所需同步时间),1,104779,109652
2016-09-28 21:08:27,299 - mq-monitor-logger - INFO - t_bse_exdual_dept_mapping,0(所需同步时间:无延迟),1,0,0
2016-09-28 21:08:27,299 - mq-monitor-logger - INFO - t_bse_express_emp_district,0(所需同步时间:无延迟),1,8056,8056
2016-09-28 21:08:27,299 - mq-monitor-logger - INFO - t_rut_line_segment_major,0(所需同步时间:无延迟),1,3246,3296
2016-09-28 21:08:27,300 - mq-monitor-logger - INFO - t_tfr_limitition_term_org,0(所需同步时间:无延迟),1,4,4
2016-09-28 21:08:27,300 - mq-monitor-logger - INFO - t_rut_change_path_event,0(所需同步时间:无延迟),1,0,0
2016-09-28 21:08:27,300 - mq-monitor-logger - INFO - t_bse_emp_yhed,0(所需同步时间:无延迟),1,8160,8160
2016-09-28 21:08:27,300 - mq-monitor-logger - INFO - t_tfr_inventory_org,15(所需同步时间:监控刚启动，未计算所需同步时间),1,16473450,16644218
2016-09-28 21:08:27,300 - mq-monitor-logger - INFO - t_tfr_stocktask_result_org,0(所需同步时间:无延迟),1,95510,97997
2016-09-28 21:08:27,300 - mq-monitor-logger - INFO - t_prc_waybill_changeinfo,10(所需同步时间:监控刚启动，未计算所需同步时间),1,2496381,2499101
2016-09-28 21:08:27,300 - mq-monitor-logger - INFO - t_tfr_uncage_info_org,0(所需同步时间:无延迟),1,0,0
2016-09-28 21:08:27,300 - mq-monitor-logger - INFO - t_tfr_package_path_org,1(所需同步时间:监控刚启动，未计算所需同步时间),1,1305525,1512879
2016-09-28 21:08:27,301 - mq-monitor-logger - INFO - t_bse_express_oubr_plan_detail,0(所需同步时间:无延迟),1,72,72
2016-09-28 21:08:27,301 - mq-monitor-logger - INFO - t_bse_cus_preferential,0(所需同步时间:无延迟),1,113496,113496
2016-09-28 21:08:27,301 - mq-monitor-logger - INFO - t_rut_transport_path,9(所需同步时间:监控刚启动，未计算所需同步时间),1,2580512,2583433
2016-09-28 21:08:27,301 - mq-monitor-logger - INFO - t_prc_waybill_other_charge,0(所需同步时间:无延迟),1,812,992
2016-09-28 21:08:27,301 - mq-monitor-logger - INFO - t_tfr_exchage_record_org,0(所需同步时间:无延迟),1,61532,61772
2016-09-28 21:08:27,301 - mq-monitor-logger - INFO - t_tfr_packagelabel_log_org,0(所需同步时间:无延迟),1,92766,108979
2016-09-28 21:08:27,301 - mq-monitor-logger - INFO - t_bse_res_outsourcetruck,0(所需同步时间:无延迟),1,33564,34275
2016-09-28 21:08:27,301 - mq-monitor-logger - INFO - t_tfr_unload_task_detail_org,1(所需同步时间:监控刚启动，未计算所需同步时间),1,226628,246307
2016-09-28 21:08:27,302 - mq-monitor-logger - INFO - t_tfr_checktask_org,3(所需同步时间:监控刚启动，未计算所需同步时间),1,609220,706250
2016-09-28 21:08:27,302 - mq-monitor-logger - INFO - t_tfr_tray_offline_scan_task_org,0(所需同步时间:无延迟),1,56586,71281
2016-09-28 21:08:27,302 - mq-monitor-logger - INFO - t_tfr_load_task_org,2(所需同步时间:监控刚启动，未计算所需同步时间),1,1934540,2196621
2016-09-28 21:08:27,302 - mq-monitor-logger - INFO - t_bse_customer_profession,0(所需同步时间:无延迟),1,0,0
2016-09-28 21:08:27,302 - mq-monitor-logger - INFO - t_bse_pos_deliverymap,0(所需同步时间:无延迟),1,1097,1097
2016-09-28 21:08:27,302 - mq-monitor-logger - INFO - t_tfr_uncage_detail_org,0(所需同步时间:无延迟),1,0,0
2016-09-28 21:08:27,302 - mq-monitor-logger - INFO - t_tak_waybillrfc_batchchange,0(所需同步时间:无延迟),1,0,0
2016-09-28 21:08:27,302 - mq-monitor-logger - INFO - t_tfr_supplycode_task_org,40(所需同步时间:监控刚启动，未计算所需同步时间),1,4440691,4489918
2016-09-28 21:08:27,303 - mq-monitor-logger - INFO - t_tfr_stockcleardiffer_report_detail_org,0(所需同步时间:无延迟),1,285137,291429
2016-09-28 21:08:27,303 - mq-monitor-logger - INFO - t_tfr_os_waybill_track_org,0(所需同步时间:无延迟),1,524398,524668
2016-09-28 21:08:27,303 - mq-monitor-logger - INFO - t_tfr_damagedwaybill_info_org,0(所需同步时间:无延迟),1,307,307
2016-09-28 21:08:27,303 - mq-monitor-logger - INFO - t_bse_pro_masterinfo,0(所需同步时间:无延迟),1,0,0
2016-09-28 21:08:27,303 - mq-monitor-logger - INFO - t_tfr_differ_report_qms_log_org,40(所需同步时间:监控刚启动，未计算所需同步时间),1,6174700,6197356
2016-09-28 21:08:27,303 - mq-monitor-logger - INFO - t_tak_return_goods_major,0(所需同步时间:无延迟),1,157680,157686
2016-09-28 21:08:27,303 - mq-monitor-logger - INFO - t_tfr_os_paternity_print_info_org,0(所需同步时间:无延迟),1,0,0
2016-09-28 21:08:27,304 - mq-monitor-logger - INFO - t_tfr_waybill_exchage_rel_org,0(所需同步时间:无延迟),1,61044,61267
2016-09-28 21:08:27,304 - mq-monitor-logger - INFO - t_tfr_meter_bubble_org,0(所需同步时间:无延迟),1,0,0
2016-09-28 21:08:27,304 - mq-monitor-logger - INFO - t_dlv_signoff_payment_info,0(所需同步时间:无延迟),1,984388,986965
2016-09-28 21:08:27,304 - mq-monitor-logger - INFO - t_org_employee,0(所需同步时间:无延迟),1,0,0
2016-09-28 21:08:27,304 - mq-monitor-logger - INFO - t_tfr_loadhandoverbill_org,2(所需同步时间:监控刚启动，未计算所需同步时间),1,1611517,1758872
2016-09-28 21:08:27,304 - mq-monitor-logger - INFO - t_tfr_loadhandoverbill_trucktaskdetail_rel_org,0(所需同步时间:无延迟),1,618947,677802
2016-09-28 21:08:27,304 - mq-monitor-logger - INFO - t_prc_exception_log,18(所需同步时间:监控刚启动，未计算所需同步时间),1,2635907,2638795
2016-09-28 21:08:27,304 - mq-monitor-logger - INFO - t_tfr_stocktakingdiff_detail_org,0(所需同步时间:无延迟),1,0,0
2016-09-28 21:08:27,305 - mq-monitor-logger - INFO - t_bse_bank_district,0(所需同步时间:无延迟),1,0,0
2016-09-28 21:08:27,305 - mq-monitor-logger - INFO - t_bse_express_outbranch_plan,0(所需同步时间:无延迟),1,46,46
2016-09-28 21:08:27,305 - mq-monitor-logger - INFO - t_bse_express_bigzone,0(所需同步时间:无延迟),1,1186,1186
2016-09-28 21:08:27,305 - mq-monitor-logger - INFO - t_tfr_os_loadtask_detail_org,0(所需同步时间:无延迟),1,53307,53488
2016-09-28 21:08:27,305 - mq-monitor-logger - INFO - t_bse_res_selftruck,0(所需同步时间:无延迟),1,1625,1627
2016-09-28 21:08:27,305 - mq-monitor-logger - INFO - t_dlv_trajectory_record,7(所需同步时间:监控刚启动，未计算所需同步时间),1,9751727,9779994
2016-09-28 21:08:27,305 - mq-monitor-logger - INFO - t_tfr_supplycode_back_org,0(所需同步时间:无延迟),1,5778,5795
2016-09-28 21:08:27,305 - mq-monitor-logger - INFO - t_tfr_traceimport_error_info_org,0(所需同步时间:无延迟),1,14428,14428
2016-09-28 21:08:27,306 - mq-monitor-logger - INFO - t_bse_bill_rules,0(所需同步时间:无延迟),1,0,0
2016-09-28 21:08:27,306 - mq-monitor-logger - INFO - t_tfr_ptploadhandoverbill_org,0(所需同步时间:无延迟),1,21018,23250
2016-09-28 21:08:27,306 - mq-monitor-logger - INFO - t_tfr_checkuser_org,1(所需同步时间:监控刚启动，未计算所需同步时间),1,353341,411411
2016-09-28 21:08:27,306 - mq-monitor-logger - INFO - t_bse_express_zz_sales_dept,0(所需同步时间:无延迟),1,1609,1609
2016-09-28 21:08:27,306 - mq-monitor-logger - INFO - t_tfr_cage_info_org,0(所需同步时间:无延迟),1,0,0
2016-09-28 21:08:27,306 - mq-monitor-logger - INFO - t_tfr_exception_goods_info_org,0(所需同步时间:无延迟),1,0,0
2016-09-28 21:08:27,306 - mq-monitor-logger - INFO - t_tak_waybill_baseinfo,47388(所需同步时间:监控刚启动，未计算所需同步时间),1,2383120,2338393
2016-09-28 21:08:27,306 - mq-monitor-logger - INFO - t_tak_waybill_alternative_relationship,1(所需同步时间:监控刚启动，未计算所需同步时间),1,6409,7262
2016-09-28 21:08:27,307 - mq-monitor-logger - INFO - t_tfr_less_report_org,3(所需同步时间:监控刚启动，未计算所需同步时间),1,724487,731837
2016-09-28 21:08:27,307 - mq-monitor-logger - INFO - t_bse_org_company,0(所需同步时间:无延迟),1,95954,96918
2016-09-28 21:08:27,307 - mq-monitor-logger - INFO - t_tfr_os_loadtask_org,0(所需同步时间:无延迟),1,9750,10635
2016-09-28 21:08:27,307 - mq-monitor-logger - INFO - t_tfr_os_track_optrecord_org,0(所需同步时间:无延迟),1,537,572
2016-09-28 21:08:27,307 - mq-monitor-logger - INFO - t_bse_cus_account,0(所需同步时间:无延迟),1,42532,42532
2016-09-28 21:08:27,307 - mq-monitor-logger - INFO - t_prc_waybill_discount_detail,0(所需同步时间:无延迟),1,0,0
2016-09-28 21:08:27,307 - mq-monitor-logger - INFO - t_tfr_stockclear_task_org,0(所需同步时间:无延迟),1,7315,8262
2016-09-28 21:08:27,308 - mq-monitor-logger - INFO - t_tak_waybill_mgmtinfo_bi,8(所需同步时间:监控刚启动，未计算所需同步时间),1,984343,984335
2016-09-28 21:08:27,308 - mq-monitor-logger - INFO - t_prc_os_charges_info,0(所需同步时间:无延迟),1,21501,21511
2016-09-28 21:08:27,308 - mq-monitor-logger - INFO - t_bse_bank,0(所需同步时间:无延迟),1,28,28
2016-09-28 21:08:27,308 - mq-monitor-logger - INFO - t_bse_cus_address,0(所需同步时间:无延迟),1,17371,17371
2016-09-28 21:08:27,308 - mq-monitor-logger - INFO - t_tfr_express_arrival_org,12(所需同步时间:监控刚启动，未计算所需同步时间),1,2527680,2561631
2016-09-28 21:08:27,308 - mq-monitor-logger - INFO - t_dlv_trf_os_signoff_info,0(所需同步时间:无延迟),1,16351,16377
2016-09-28 21:08:27,308 - mq-monitor-logger - INFO - t_tfr_package_info_org,3(所需同步时间:监控刚启动，未计算所需同步时间),1,2262033,2487088
2016-09-28 21:08:27,308 - mq-monitor-logger - INFO - t_tfr_unload_diffcheck_report_detail_org,4(所需同步时间:监控刚启动，未计算所需同步时间),1,1675159,1694928
2016-09-28 21:08:27,309 - mq-monitor-logger - INFO - t_tfr_truck_task_org,1(所需同步时间:监控刚启动，未计算所需同步时间),1,1393041,1516549
2016-09-28 21:08:27,309 - mq-monitor-logger - INFO - t_dlv_delivertask_detail_org,4(所需同步时间:监控刚启动，未计算所需同步时间),1,277058991,277170993
2016-09-28 21:08:27,309 - mq-monitor-logger - INFO - t_tfr_supplycode_log_org,16(所需同步时间:监控刚启动，未计算所需同步时间),1,1346394,1362081
2016-09-28 21:08:27,309 - mq-monitor-logger - INFO - t_tak_pickup_info,1(所需同步时间:监控刚启动，未计算所需同步时间),1,1083577,1085452
2016-09-28 21:08:27,309 - mq-monitor-logger - INFO - t_tak_waybill_changerecord,0(所需同步时间:无延迟),1,51080,51744
2016-09-28 21:08:27,309 - mq-monitor-logger - INFO - t_bse_cus_bargain,0(所需同步时间:无延迟),1,60236,60236
2016-09-28 21:08:27,309 - mq-monitor-logger - INFO - t_tak_waybill_log,5(所需同步时间:监控刚启动，未计算所需同步时间),1,3118025,3276352
2016-09-28 21:08:27,309 - mq-monitor-logger - INFO - t_rut_change_path_detail,0(所需同步时间:无延迟),1,0,0
